[01:19:44] [ServerMain/INFO]: Environment: Environment[accountsHost=https://api.mojang.com, sessionHost=https://sessionserver.mojang.com, servicesHost=https://api.minecraftservices.com, name=PROD]
[01:19:46] [ServerMain/INFO]: Loaded 1174 recipes
[01:19:46] [ServerMain/INFO]: Loaded 1271 advancements
[01:19:46] [Server thread/INFO]: Starting minecraft server version 1.20.2
[01:19:46] [Server thread/INFO]: Loading properties
[01:19:46] [Server thread/INFO]: This server is running Paper version git-Paper-318 (MC: 1.20.2) (Implementing API version 1.20.2-R0.1-SNAPSHOT) (Git: 9271ee7)
[01:19:47] [Server thread/INFO]: Server Ping Player Sample Count: 12
[01:19:47] [Server thread/INFO]: Using 4 threads for Netty based IO
[01:19:47] [Server thread/WARN]: [!] The timings profiler has been enabled but has been scheduled for removal from Paper in the future.
    We recommend installing the spark profiler as a replacement: https://spark.lucko.me/
    For more information please visit: https://github.com/PaperMC/Paper/issues/8948
[01:19:47] [Server thread/INFO]: [ChunkTaskScheduler] Chunk system is using 1 I/O threads, 2 worker threads, and gen parallelism of 2 threads
[01:19:47] [Server thread/INFO]: Default game type: SURVIVAL
[01:19:47] [Server thread/INFO]: Generating keypair
[01:19:47] [Server thread/INFO]: Starting Minecraft server on *:25565
[01:19:47] [Server thread/INFO]: Using epoll channel type
[01:19:47] [Server thread/INFO]: Paper: Using libdeflate (Linux x86_64) compression from Velocity.
[01:19:47] [Server thread/INFO]: Paper: Using OpenSSL 1.1.x (Linux x86_64) cipher from Velocity.
[01:19:47] [Server thread/INFO]: Server permissions file permissions.yml is empty, ignoring it
[01:19:47] [Server thread/INFO]: Preparing level "world"
[01:19:48] [Server thread/INFO]: Preparing start region for dimension minecraft:overworld
[01:19:49] [Server thread/INFO]: Time elapsed: 466 ms
[01:19:49] [Server thread/INFO]: Preparing start region for dimension minecraft:the_nether
[01:19:49] [Server thread/INFO]: Time elapsed: 51 ms
[01:19:49] [Server thread/INFO]: Preparing start region for dimension minecraft:the_end
[01:19:49] [Server thread/INFO]: Time elapsed: 117 ms
[01:19:49] [Server thread/INFO]: Running delayed init tasks
[01:19:49] [Server thread/INFO]: Done (2.862s)! For help, type "help"
[01:19:49] [Server thread/INFO]: Timings Reset
[01:20:02] [User Authenticator #0/INFO]: UUID of player Rotewutramna is f0082f32-7b59-40e0-8437-28db39e0292d
[01:20:03] [Server thread/INFO]: Rotewutramna joined the game
[01:20:03] [Server thread/INFO]: Rotewutramna[/[0:0:0:0:0:0:0:1%0]:34212] logged in with entity id 61 at ([world_nether]-285.30000001192093, 114.0, -249.69999998807907)
